<?xml version="1.0" encoding="UTF-8"?>
<testng-results ignored="0" total="3" passed="3" failed="0" skipped="0">
  <reporter-output>
  </reporter-output>
  <suite started-at="2022-05-27T14:22:46 EDT" name="Default suite" finished-at="2022-05-27T14:22:50 EDT" duration-ms="3878">
    <groups>
    </groups>
    <test started-at="2022-05-27T14:22:46 EDT" name="Default test" finished-at="2022-05-27T14:22:50 EDT" duration-ms="3878">
      <class name="tests.TestExample">
        <test-method signature="testPost()[pri:0, instance:tests.TestExample@22e357dc]" started-at="2022-05-27T14:22:46 EDT" name="testPost" finished-at="2022-05-27T14:22:49 EDT" duration-ms="2485" status="PASS">
          <reporter-output>
          </reporter-output>
        </test-method> <!-- testPost -->
        <test-method signature="test_1()[pri:0, instance:tests.TestExample@22e357dc]" started-at="2022-05-27T14:22:49 EDT" name="test_1" finished-at="2022-05-27T14:22:49 EDT" duration-ms="168" status="PASS">
          <reporter-output>
          </reporter-output>
        </test-method> <!-- test_1 -->
        <test-method signature="test_2()[pri:0, instance:tests.TestExample@22e357dc]" started-at="2022-05-27T14:22:49 EDT" name="test_2" finished-at="2022-05-27T14:22:50 EDT" duration-ms="1155" status="PASS">
          <reporter-output>
          </reporter-output>
        </test-method> <!-- test_2 -->
      </class> <!-- tests.TestExample -->
    </test> <!-- Default test -->
  </suite> <!-- Default suite -->
</testng-results>
