<?xml version="1.0" encoding="UTF-8"?>
<!-- Generated by org.testng.reporters.JUnitXMLReporter -->
<testsuite ignored="0" hostname="LAPTOP-P98V0E64" failures="0" tests="3" name="Default test" time="3.878" errors="0" timestamp="2022-05-27T14:22:50 EDT">
  <testcase classname="tests.TestExample" name="testPost" time="2.485"/>
  <testcase classname="tests.TestExample" name="test_1" time="0.168"/>
  <testcase classname="tests.TestExample" name="test_2" time="1.155"/>
</testsuite> <!-- Default test -->
