<?xml version="1.0" encoding="UTF-8"?>
<!-- Generated by org.testng.reporters.JUnitXMLReporter -->
<testsuite ignored="0" hostname="LAPTOP-P98V0E64" failures="0" tests="3" name="Default test" time="3.314" errors="0" timestamp="2022-05-23T18:50:32 EDT">
  <testcase classname="tests.PutPatchAndDeleteExamples" name="testDELETE" time="2.462"/>
  <testcase classname="tests.PutPatchAndDeleteExamples" name="testPATCH" time="0.465"/>
  <testcase classname="tests.PutPatchAndDeleteExamples" name="testPUT" time="0.319"/>
</testsuite> <!-- Default test -->
